p/25.JPG 1 0 0 56 91
p/24.JPG 1 0 0 88 123
p/23.JPG 1 0 0 83 118
p/22.JPG 1 0 0 95 129
p/21.JPG 1 0 0 74 97
p/20.JPG 1 0 0 86 110
p/19.JPG 1 0 0 62 81
p/18.JPG 1 0 0 48 76
p/17.JPG 1 0 0 78 94
p/16.JPG 1 0 0 57 84
p/15.JPG 1 0 0 30 48
p/14.JPG 1 0 0 49 64
p/13.JPG 1 0 0 54 78
p/12.JPG 1 0 0 57 84
p/11.JPG 1 0 0 60 79
p/10.JPG 1 0 0 109 162
p/9.JPG 1 0 0 96 131
p/8.JPG 1 0 0 80 142
p/7.JPG 1 0 0 43 56
p/6.JPG 1 0 0 65 88
p/5.JPG 1 0 0 104 136
p/4.JPG 1 0 0 77 98
p/3.JPG 1 0 0 37 47
p/2.JPG 1 0 0 42 69
p/1.JPG 1 0 0 86 104